# JRE version: OpenJDK Runtime Environment (11.0.13) (build 11.0.13+0-b1751.21-8125866)
# Java VM: OpenJDK 64-Bit Server VM (11.0.13+0-b1751.21-8125866, mixed mode, tiered, compressed oops, g1 gc, windows-amd64)
Heap:
 garbage-first heap   total 454656K, used 157662K [0x0000000080000000, 0x0000000100000000)
  region size 1024K, 6 young (6144K), 4 survivors (4096K)
 Metaspace       used 145388K, capacity 150015K, committed 152348K, reserved 1181696K
  class space    used 17755K, capacity 19510K, committed 19608K, reserved 1048576K
GC Heap History (20 events):
Event: 3699.764 GC heap before
{Heap before GC invocations=121 (full 0):
 garbage-first heap   total 319488K, used 259351K [0x0000000080000000, 0x0000000100000000)
  region size 1024K, 96 young (98304K), 2 survivors (2048K)
 Metaspace       used 145144K, capacity 149752K, committed 152348K, reserved 1181696K
  class space    used 17745K, capacity 19494K, committed 19608K, reserved 1048576K
}
Event: 3699.774 GC heap after
{Heap after GC invocations=122 (full 0):
 garbage-first heap   total 319488K, used 165716K [0x0000000080000000, 0x0000000100000000)
  region size 1024K, 3 young (3072K), 3 survivors (3072K)
 Metaspace       used 145144K, capacity 149752K, committed 152348K, reserved 1181696K
  class space    used 17745K, capacity 19494K, committed 19608K, reserved 1048576K
}
Event: 3700.682 GC heap before
{Heap before GC invocations=123 (full 0):
 garbage-first heap   total 319488K, used 264020K [0x0000000080000000, 0x0000000100000000)
  region size 1024K, 99 young (101376K), 3 survivors (3072K)
 Metaspace       used 145196K, capacity 149838K, committed 152348K, reserved 1181696K
  class space    used 17750K, capacity 19502K, committed 19608K, reserved 1048576K
}
Event: 3700.695 GC heap after
{Heap after GC invocations=124 (full 0):
 garbage-first heap   total 319488K, used 167292K [0x0000000080000000, 0x0000000100000000)
  region size 1024K, 5 young (5120K), 5 survivors (5120K)
 Metaspace       used 145196K, capacity 149838K, committed 152348K, reserved 1181696K
  class space    used 17750K, capacity 19502K, committed 19608K, reserved 1048576K
}
Event: 3700.744 GC heap before
{Heap before GC invocations=124 (full 0):
 garbage-first heap   total 319488K, used 176508K [0x0000000080000000, 0x0000000100000000)
  region size 1024K, 15 young (15360K), 5 survivors (5120K)
 Metaspace       used 145196K, capacity 149838K, committed 152348K, reserved 1181696K
  class space    used 17750K, capacity 19502K, committed 19608K, reserved 1048576K
}
Event: 3700.775 GC heap after
{Heap after GC invocations=125 (full 0):
 garbage-first heap   total 319488K, used 160988K [0x0000000080000000, 0x0000000100000000)
  region size 1024K, 2 young (2048K), 2 survivors (2048K)
 Metaspace       used 145196K, capacity 149838K, committed 152348K, reserved 1181696K
  class space    used 17750K, capacity 19502K, committed 19608K, reserved 1048576K
}
Event: 3701.383 GC heap before
{Heap before GC invocations=125 (full 0):
 garbage-first heap   total 319488K, used 264412K [0x0000000080000000, 0x0000000100000000)
  region size 1024K, 103 young (105472K), 2 survivors (2048K)
 Metaspace       used 145245K, capacity 149847K, committed 152348K, reserved 1181696K
  class space    used 17751K, capacity 19504K, committed 19608K, reserved 1048576K
}
Event: 3701.395 GC heap after
{Heap after GC invocations=126 (full 0):
 garbage-first heap   total 319488K, used 161949K [0x0000000080000000, 0x0000000100000000)
  region size 1024K, 3 young (3072K), 3 survivors (3072K)
 Metaspace       used 145245K, capacity 149847K, committed 152348K, reserved 1181696K
  class space    used 17751K, capacity 19504K, committed 19608K, reserved 1048576K
}
Event: 3702.799 GC heap before
{Heap before GC invocations=127 (full 0):
 garbage-first heap   total 319488K, used 267421K [0x0000000080000000, 0x0000000100000000)
  region size 1024K, 106 young (108544K), 3 survivors (3072K)
 Metaspace       used 145324K, capacity 149929K, committed 152348K, reserved 1181696K
  class space    used 17752K, capacity 19505K, committed 19608K, reserved 1048576K
}
Event: 3702.812 GC heap after
{Heap after GC invocations=128 (full 0):
 garbage-first heap   total 319488K, used 162843K [0x0000000080000000, 0x0000000100000000)
  region size 1024K, 4 young (4096K), 4 survivors (4096K)
 Metaspace       used 145324K, capacity 149929K, committed 152348K, reserved 1181696K
  class space    used 17752K, capacity 19505K, committed 19608K, reserved 1048576K
}
Event: 3702.957 GC heap before
{Heap before GC invocations=128 (full 0):
 garbage-first heap   total 319488K, used 173083K [0x0000000080000000, 0x0000000100000000)
  region size 1024K, 15 young (15360K), 4 survivors (4096K)
 Metaspace       used 145325K, capacity 149929K, committed 152348K, reserved 1181696K
  class space    used 17752K, capacity 19505K, committed 19608K, reserved 1048576K
}
Event: 3703.016 GC heap after
{Heap after GC invocations=129 (full 0):
 garbage-first heap   total 319488K, used 154162K [0x0000000080000000, 0x0000000100000000)
  region size 1024K, 1 young (1024K), 1 survivors (1024K)
 Metaspace       used 145325K, capacity 149929K, committed 152348K, reserved 1181696K
  class space    used 17752K, capacity 19505K, committed 19608K, reserved 1048576K
}
Event: 3704.100 GC heap before
{Heap before GC invocations=129 (full 0):
 garbage-first heap   total 319488K, used 241202K [0x0000000080000000, 0x0000000100000000)
  region size 1024K, 87 young (89088K), 1 survivors (1024K)
 Metaspace       used 145354K, capacity 149935K, committed 152348K, reserved 1181696K
  class space    used 17753K, capacity 19506K, committed 19608K, reserved 1048576K
}
Event: 3704.110 GC heap after
{Heap after GC invocations=130 (full 0):
 garbage-first heap   total 319488K, used 155841K [0x0000000080000000, 0x0000000100000000)
  region size 1024K, 3 young (3072K), 3 survivors (3072K)
 Metaspace       used 145354K, capacity 149935K, committed 152348K, reserved 1181696K
  class space    used 17753K, capacity 19506K, committed 19608K, reserved 1048576K
}
Event: 3705.630 GC heap before
{Heap before GC invocations=131 (full 0):
 garbage-first heap   total 319488K, used 274625K [0x0000000080000000, 0x0000000100000000)
  region size 1024K, 112 young (114688K), 3 survivors (3072K)
 Metaspace       used 145381K, capacity 150015K, committed 152348K, reserved 1181696K
  class space    used 17755K, capacity 19510K, committed 19608K, reserved 1048576K
}
Event: 3705.650 GC heap after
{Heap after GC invocations=132 (full 0):
 garbage-first heap   total 319488K, used 166758K [0x0000000080000000, 0x0000000100000000)
  region size 1024K, 13 young (13312K), 13 survivors (13312K)
 Metaspace       used 145381K, capacity 150015K, committed 152348K, reserved 1181696K
  class space    used 17755K, capacity 19510K, committed 19608K, reserved 1048576K
}
Event: 3705.662 GC heap before
{Heap before GC invocations=132 (full 0):
 garbage-first heap   total 319488K, used 168806K [0x0000000080000000, 0x0000000100000000)
  region size 1024K, 15 young (15360K), 13 survivors (13312K)
 Metaspace       used 145382K, capacity 150015K, committed 152348K, reserved 1181696K
  class space    used 17755K, capacity 19510K, committed 19608K, reserved 1048576K
}
Event: 3705.693 GC heap after
{Heap after GC invocations=133 (full 0):
 garbage-first heap   total 319488K, used 155061K [0x0000000080000000, 0x0000000100000000)
  region size 1024K, 2 young (2048K), 2 survivors (2048K)
 Metaspace       used 145382K, capacity 150015K, committed 152348K, reserved 1181696K
  class space    used 17755K, capacity 19510K, committed 19608K, reserved 1048576K
}
Event: 3707.700 GC heap before
{Heap before GC invocations=133 (full 0):
 garbage-first heap   total 319488K, used 262581K [0x0000000080000000, 0x0000000100000000)
  region size 1024K, 107 young (109568K), 2 survivors (2048K)
 Metaspace       used 145388K, capacity 150015K, committed 152348K, reserved 1181696K
  class space    used 17755K, capacity 19510K, committed 19608K, reserved 1048576K
}
Event: 3707.721 GC heap after
{Heap after GC invocations=134 (full 0):
 garbage-first heap   total 454656K, used 156638K [0x0000000080000000, 0x0000000100000000)
  region size 1024K, 4 young (4096K), 4 survivors (4096K)
 Metaspace       used 145388K, capacity 150015K, committed 152348K, reserved 1181696K
  class space    used 17755K, capacity 19510K, committed 19608K, reserved 1048576K
}

