# JRE version: OpenJDK Runtime Environment (11.0.13) (build 11.0.13+0-b1751.21-8125866)
# Java VM: OpenJDK 64-Bit Server VM (11.0.13+0-b1751.21-8125866, mixed mode, tiered, compressed oops, g1 gc, windows-amd64)
Heap:
 garbage-first heap   total 189440K, used 108488K [0x0000000080000000, 0x0000000100000000)
  region size 1024K, 48 young (49152K), 6 survivors (6144K)
 Metaspace       used 73920K, capacity 75621K, committed 75812K, reserved 1116160K
  class space    used 9467K, capacity 10097K, committed 10112K, reserved 1048576K
GC Heap History (20 events):
Event: 3.777 GC heap before
{Heap before GC invocations=3 (full 0):
 garbage-first heap   total 131072K, used 56046K [0x0000000080000000, 0x0000000100000000)
  region size 1024K, 46 young (47104K), 4 survivors (4096K)
 Metaspace       used 17686K, capacity 18071K, committed 18432K, reserved 1064960K
  class space    used 2056K, capacity 2177K, committed 2304K, reserved 1048576K
}
Event: 3.784 GC heap after
{Heap after GC invocations=4 (full 0):
 garbage-first heap   total 131072K, used 16370K [0x0000000080000000, 0x0000000100000000)
  region size 1024K, 6 young (6144K), 6 survivors (6144K)
 Metaspace       used 17686K, capacity 18071K, committed 18432K, reserved 1064960K
  class space    used 2056K, capacity 2177K, committed 2304K, reserved 1048576K
}
Event: 4.095 GC heap before
{Heap before GC invocations=4 (full 0):
 garbage-first heap   total 131072K, used 44018K [0x0000000080000000, 0x0000000100000000)
  region size 1024K, 34 young (34816K), 6 survivors (6144K)
 Metaspace       used 20836K, capacity 21193K, committed 21296K, reserved 1069056K
  class space    used 2524K, capacity 2688K, committed 2688K, reserved 1048576K
}
Event: 4.103 GC heap after
{Heap after GC invocations=5 (full 0):
 garbage-first heap   total 131072K, used 17767K [0x0000000080000000, 0x0000000100000000)
  region size 1024K, 2 young (2048K), 2 survivors (2048K)
 Metaspace       used 20836K, capacity 21193K, committed 21296K, reserved 1069056K
  class space    used 2524K, capacity 2688K, committed 2688K, reserved 1048576K
}
Event: 4.910 GC heap before
{Heap before GC invocations=6 (full 0):
 garbage-first heap   total 131072K, used 66919K [0x0000000080000000, 0x0000000100000000)
  region size 1024K, 50 young (51200K), 2 survivors (2048K)
 Metaspace       used 26098K, capacity 26708K, committed 27008K, reserved 1073152K
  class space    used 3383K, capacity 3598K, committed 3712K, reserved 1048576K
}
Event: 4.920 GC heap after
{Heap after GC invocations=7 (full 0):
 garbage-first heap   total 131072K, used 19487K [0x0000000080000000, 0x0000000100000000)
  region size 1024K, 3 young (3072K), 3 survivors (3072K)
 Metaspace       used 26098K, capacity 26708K, committed 27008K, reserved 1073152K
  class space    used 3383K, capacity 3598K, committed 3712K, reserved 1048576K
}
Event: 6.971 GC heap before
{Heap before GC invocations=8 (full 0):
 garbage-first heap   total 131072K, used 89119K [0x0000000080000000, 0x0000000100000000)
  region size 1024K, 72 young (73728K), 3 survivors (3072K)
 Metaspace       used 36393K, capacity 37249K, committed 37504K, reserved 1081344K
  class space    used 4641K, capacity 4943K, committed 4992K, reserved 1048576K
}
Event: 6.981 GC heap after
{Heap after GC invocations=9 (full 0):
 garbage-first heap   total 131072K, used 24362K [0x0000000080000000, 0x0000000100000000)
  region size 1024K, 8 young (8192K), 8 survivors (8192K)
 Metaspace       used 36393K, capacity 37249K, committed 37504K, reserved 1081344K
  class space    used 4641K, capacity 4943K, committed 4992K, reserved 1048576K
}
Event: 9.082 GC heap before
{Heap before GC invocations=9 (full 0):
 garbage-first heap   total 131072K, used 93994K [0x0000000080000000, 0x0000000100000000)
  region size 1024K, 74 young (75776K), 8 survivors (8192K)
 Metaspace       used 41119K, capacity 42108K, committed 42240K, reserved 1085440K
  class space    used 5194K, capacity 5553K, committed 5632K, reserved 1048576K
}
Event: 9.102 GC heap after
{Heap after GC invocations=10 (full 0):
 garbage-first heap   total 157696K, used 29038K [0x0000000080000000, 0x0000000100000000)
  region size 1024K, 10 young (10240K), 10 survivors (10240K)
 Metaspace       used 41119K, capacity 42108K, committed 42240K, reserved 1085440K
  class space    used 5194K, capacity 5553K, committed 5632K, reserved 1048576K
}
Event: 9.725 GC heap before
{Heap before GC invocations=10 (full 0):
 garbage-first heap   total 157696K, used 53614K [0x0000000080000000, 0x0000000100000000)
  region size 1024K, 34 young (34816K), 10 survivors (10240K)
 Metaspace       used 43947K, capacity 44978K, committed 45016K, reserved 1089536K
  class space    used 5505K, capacity 5885K, committed 5888K, reserved 1048576K
}
Event: 9.739 GC heap after
{Heap after GC invocations=11 (full 0):
 garbage-first heap   total 157696K, used 29371K [0x0000000080000000, 0x0000000100000000)
  region size 1024K, 6 young (6144K), 6 survivors (6144K)
 Metaspace       used 43947K, capacity 44978K, committed 45016K, reserved 1089536K
  class space    used 5505K, capacity 5885K, committed 5888K, reserved 1048576K
}
Event: 11.311 GC heap before
{Heap before GC invocations=12 (full 0):
 garbage-first heap   total 157696K, used 110267K [0x0000000080000000, 0x0000000100000000)
  region size 1024K, 85 young (87040K), 6 survivors (6144K)
 Metaspace       used 48547K, capacity 49676K, committed 49828K, reserved 1093632K
  class space    used 6112K, capacity 6530K, committed 6656K, reserved 1048576K
}
Event: 11.333 GC heap after
{Heap after GC invocations=13 (full 0):
 garbage-first heap   total 157696K, used 34908K [0x0000000080000000, 0x0000000100000000)
  region size 1024K, 7 young (7168K), 7 survivors (7168K)
 Metaspace       used 48547K, capacity 49676K, committed 49828K, reserved 1093632K
  class space    used 6112K, capacity 6530K, committed 6656K, reserved 1048576K
}
Event: 13.382 GC heap before
{Heap before GC invocations=14 (full 0):
 garbage-first heap   total 157696K, used 126044K [0x0000000080000000, 0x0000000100000000)
  region size 1024K, 87 young (89088K), 7 survivors (7168K)
 Metaspace       used 58615K, capacity 60082K, committed 60324K, reserved 1101824K
  class space    used 7388K, capacity 7934K, committed 7936K, reserved 1048576K
}
Event: 13.402 GC heap after
{Heap after GC invocations=15 (full 0):
 garbage-first heap   total 157696K, used 53689K [0x0000000080000000, 0x0000000100000000)
  region size 1024K, 11 young (11264K), 11 survivors (11264K)
 Metaspace       used 58615K, capacity 60082K, committed 60324K, reserved 1101824K
  class space    used 7388K, capacity 7934K, committed 7936K, reserved 1048576K
}
Event: 15.316 GC heap before
{Heap before GC invocations=15 (full 0):
 garbage-first heap   total 157696K, used 123321K [0x0000000080000000, 0x0000000100000000)
  region size 1024K, 79 young (80896K), 11 survivors (11264K)
 Metaspace       used 64847K, capacity 66392K, committed 66596K, reserved 1107968K
  class space    used 8128K, capacity 8745K, committed 8832K, reserved 1048576K
}
Event: 15.335 GC heap after
{Heap after GC invocations=16 (full 0):
 garbage-first heap   total 189440K, used 61195K [0x0000000080000000, 0x0000000100000000)
  region size 1024K, 7 young (7168K), 7 survivors (7168K)
 Metaspace       used 64847K, capacity 66392K, committed 66596K, reserved 1107968K
  class space    used 8128K, capacity 8745K, committed 8832K, reserved 1048576K
}
Event: 16.915 GC heap before
{Heap before GC invocations=16 (full 0):
 garbage-first heap   total 189440K, used 139019K [0x0000000080000000, 0x0000000100000000)
  region size 1024K, 83 young (84992K), 7 survivors (7168K)
 Metaspace       used 69154K, capacity 70704K, committed 70948K, reserved 1112064K
  class space    used 8665K, capacity 9301K, committed 9344K, reserved 1048576K
}
Event: 16.931 GC heap after
{Heap after GC invocations=17 (full 0):
 garbage-first heap   total 189440K, used 66504K [0x0000000080000000, 0x0000000100000000)
  region size 1024K, 6 young (6144K), 6 survivors (6144K)
 Metaspace       used 69154K, capacity 70704K, committed 70948K, reserved 1112064K
  class space    used 8665K, capacity 9301K, committed 9344K, reserved 1048576K
}

