# JRE version: OpenJDK Runtime Environment (11.0.13) (build 11.0.13+0-b1751.21-8125866)
# Java VM: OpenJDK 64-Bit Server VM (11.0.13+0-b1751.21-8125866, mixed mode, tiered, compressed oops, g1 gc, windows-amd64)
Heap:
 garbage-first heap   total 227328K, used 67189K [0x0000000080000000, 0x0000000100000000)
  region size 1024K, 9 young (9216K), 9 survivors (9216K)
 Metaspace       used 73788K, capacity 75345K, committed 75584K, reserved 1114112K
  class space    used 9467K, capacity 10093K, committed 10188K, reserved 1048576K
GC Heap History (20 events):
Event: 2.748 GC heap after
{Heap after GC invocations=4 (full 0):
 garbage-first heap   total 131072K, used 16739K [0x0000000080000000, 0x0000000100000000)
  region size 1024K, 7 young (7168K), 7 survivors (7168K)
 Metaspace       used 18628K, capacity 19008K, committed 19328K, reserved 1067008K
  class space    used 2198K, capacity 2342K, committed 2432K, reserved 1048576K
}
Event: 3.048 GC heap before
{Heap before GC invocations=4 (full 0):
 garbage-first heap   total 131072K, used 38243K [0x0000000080000000, 0x0000000100000000)
  region size 1024K, 29 young (29696K), 7 survivors (7168K)
 Metaspace       used 20826K, capacity 21189K, committed 21296K, reserved 1069056K
  class space    used 2526K, capacity 2688K, committed 2688K, reserved 1048576K
}
Event: 3.055 GC heap after
{Heap after GC invocations=5 (full 0):
 garbage-first heap   total 157696K, used 17297K [0x0000000080000000, 0x0000000100000000)
  region size 1024K, 5 young (5120K), 5 survivors (5120K)
 Metaspace       used 20826K, capacity 21189K, committed 21296K, reserved 1069056K
  class space    used 2526K, capacity 2688K, committed 2688K, reserved 1048576K
}
Event: 3.864 GC heap before
{Heap before GC invocations=6 (full 0):
 garbage-first heap   total 157696K, used 75665K [0x0000000080000000, 0x0000000100000000)
  region size 1024K, 63 young (64512K), 5 survivors (5120K)
 Metaspace       used 26869K, capacity 27466K, committed 27520K, reserved 1073152K
  class space    used 3477K, capacity 3703K, committed 3712K, reserved 1048576K
}
Event: 3.875 GC heap after
{Heap after GC invocations=7 (full 0):
 garbage-first heap   total 157696K, used 19585K [0x0000000080000000, 0x0000000100000000)
  region size 1024K, 3 young (3072K), 3 survivors (3072K)
 Metaspace       used 26869K, capacity 27466K, committed 27520K, reserved 1073152K
  class space    used 3477K, capacity 3703K, committed 3712K, reserved 1048576K
}
Event: 4.852 GC heap before
{Heap before GC invocations=7 (full 0):
 garbage-first heap   total 157696K, used 75905K [0x0000000080000000, 0x0000000100000000)
  region size 1024K, 59 young (60416K), 3 survivors (3072K)
 Metaspace       used 35156K, capacity 35934K, committed 36048K, reserved 1081344K
  class space    used 4506K, capacity 4805K, committed 4864K, reserved 1048576K
}
Event: 4.863 GC heap after
{Heap after GC invocations=8 (full 0):
 garbage-first heap   total 157696K, used 23068K [0x0000000080000000, 0x0000000100000000)
  region size 1024K, 7 young (7168K), 7 survivors (7168K)
 Metaspace       used 35156K, capacity 35934K, committed 36048K, reserved 1081344K
  class space    used 4506K, capacity 4805K, committed 4864K, reserved 1048576K
}
Event: 5.991 GC heap before
{Heap before GC invocations=9 (full 0):
 garbage-first heap   total 157696K, used 97820K [0x0000000080000000, 0x0000000100000000)
  region size 1024K, 77 young (78848K), 7 survivors (7168K)
 Metaspace       used 40762K, capacity 41737K, committed 41936K, reserved 1085440K
  class space    used 5141K, capacity 5517K, committed 5632K, reserved 1048576K
}
Event: 6.014 GC heap after
{Heap after GC invocations=10 (full 0):
 garbage-first heap   total 157696K, used 28279K [0x0000000080000000, 0x0000000100000000)
  region size 1024K, 9 young (9216K), 9 survivors (9216K)
 Metaspace       used 40762K, capacity 41737K, committed 41936K, reserved 1085440K
  class space    used 5141K, capacity 5517K, committed 5632K, reserved 1048576K
}
Event: 7.387 GC heap before
{Heap before GC invocations=10 (full 0):
 garbage-first heap   total 157696K, used 110199K [0x0000000080000000, 0x0000000100000000)
  region size 1024K, 89 young (91136K), 9 survivors (9216K)
 Metaspace       used 47713K, capacity 48909K, committed 48976K, reserved 1091584K
  class space    used 6046K, capacity 6494K, committed 6528K, reserved 1048576K
}
Event: 7.410 GC heap after
{Heap after GC invocations=11 (full 0):
 garbage-first heap   total 189440K, used 31949K [0x0000000080000000, 0x0000000100000000)
  region size 1024K, 9 young (9216K), 9 survivors (9216K)
 Metaspace       used 47713K, capacity 48909K, committed 48976K, reserved 1091584K
  class space    used 6046K, capacity 6494K, committed 6528K, reserved 1048576K
}
Event: 9.209 GC heap before
{Heap before GC invocations=11 (full 0):
 garbage-first heap   total 189440K, used 144589K [0x0000000080000000, 0x0000000100000000)
  region size 1024K, 111 young (113664K), 9 survivors (9216K)
 Metaspace       used 57139K, capacity 58501K, committed 58704K, reserved 1099776K
  class space    used 7188K, capacity 7729K, committed 7808K, reserved 1048576K
}
Event: 9.232 GC heap after
{Heap after GC invocations=12 (full 0):
 garbage-first heap   total 189440K, used 52089K [0x0000000080000000, 0x0000000100000000)
  region size 1024K, 14 young (14336K), 14 survivors (14336K)
 Metaspace       used 57139K, capacity 58501K, committed 58704K, reserved 1099776K
  class space    used 7188K, capacity 7729K, committed 7808K, reserved 1048576K
}
Event: 9.481 GC heap before
{Heap before GC invocations=12 (full 0):
 garbage-first heap   total 189440K, used 63353K [0x0000000080000000, 0x0000000100000000)
  region size 1024K, 26 young (26624K), 14 survivors (14336K)
 Metaspace       used 58925K, capacity 60447K, committed 60496K, reserved 1101824K
  class space    used 7438K, capacity 8016K, committed 8064K, reserved 1048576K
}
Event: 9.504 GC heap after
{Heap after GC invocations=13 (full 0):
 garbage-first heap   total 189440K, used 54512K [0x0000000080000000, 0x0000000100000000)
  region size 1024K, 2 young (2048K), 2 survivors (2048K)
 Metaspace       used 58925K, capacity 60447K, committed 60496K, reserved 1101824K
  class space    used 7438K, capacity 8016K, committed 8064K, reserved 1048576K
}
Event: 10.469 GC heap before
{Heap before GC invocations=14 (full 0):
 garbage-first heap   total 189440K, used 113904K [0x0000000080000000, 0x0000000100000000)
  region size 1024K, 61 young (62464K), 2 survivors (2048K)
 Metaspace       used 64205K, capacity 65698K, committed 65984K, reserved 1105920K
  class space    used 8075K, capacity 8649K, committed 8780K, reserved 1048576K
}
Event: 10.480 GC heap after
{Heap after GC invocations=15 (full 0):
 garbage-first heap   total 189440K, used 58550K [0x0000000080000000, 0x0000000100000000)
  region size 1024K, 6 young (6144K), 6 survivors (6144K)
 Metaspace       used 64205K, capacity 65698K, committed 65984K, reserved 1105920K
  class space    used 8075K, capacity 8649K, committed 8780K, reserved 1048576K
}
Event: 11.405 GC heap before
{Heap before GC invocations=16 (full 0):
 garbage-first heap   total 189440K, used 121014K [0x0000000080000000, 0x0000000100000000)
  region size 1024K, 67 young (68608K), 6 survivors (6144K)
 Metaspace       used 67585K, capacity 69214K, committed 69440K, reserved 1110016K
  class space    used 8498K, capacity 9130K, committed 9164K, reserved 1048576K
}
Event: 11.424 GC heap after
{Heap after GC invocations=17 (full 0):
 garbage-first heap   total 189440K, used 62722K [0x0000000080000000, 0x0000000100000000)
  region size 1024K, 5 young (5120K), 5 survivors (5120K)
 Metaspace       used 67585K, capacity 69214K, committed 69440K, reserved 1110016K
  class space    used 8498K, capacity 9130K, committed 9164K, reserved 1048576K
}
Event: 12.442 GC heap before
{Heap before GC invocations=17 (full 0):
 garbage-first heap   total 189440K, used 127234K [0x0000000080000000, 0x0000000100000000)
  region size 1024K, 68 young (69632K), 5 survivors (5120K)
 Metaspace       used 73788K, capacity 75345K, committed 75584K, reserved 1114112K
  class space    used 9467K, capacity 10093K, committed 10188K, reserved 1048576K
}

