# JRE version: OpenJDK Runtime Environment (11.0.13) (build 11.0.13+0-b1751.21-8125866)
# Java VM: OpenJDK 64-Bit Server VM (11.0.13+0-b1751.21-8125866, mixed mode, tiered, compressed oops, g1 gc, windows-amd64)
Heap:
 garbage-first heap   total 448512K, used 148901K [0x0000000080000000, 0x0000000100000000)
  region size 1024K, 1 young (1024K), 1 survivors (1024K)
 Metaspace       used 113566K, capacity 116041K, committed 116356K, reserved 1150976K
  class space    used 14116K, capacity 15057K, committed 15180K, reserved 1048576K
GC Heap History (20 events):
Event: 33.082 GC heap after
{Heap after GC invocations=34 (full 0):
 garbage-first heap   total 280576K, used 210912K [0x0000000080000000, 0x0000000100000000)
  region size 1024K, 5 young (5120K), 5 survivors (5120K)
 Metaspace       used 111869K, capacity 114384K, committed 114692K, reserved 1148928K
  class space    used 13988K, capacity 14916K, committed 15052K, reserved 1048576K
}
Event: 33.213 GC heap before
{Heap before GC invocations=34 (full 0):
 garbage-first heap   total 280576K, used 228320K [0x0000000080000000, 0x0000000100000000)
  region size 1024K, 22 young (22528K), 5 survivors (5120K)
 Metaspace       used 111876K, capacity 114384K, committed 114692K, reserved 1148928K
  class space    used 13988K, capacity 14916K, committed 15052K, reserved 1048576K
}
Event: 33.239 GC heap after
{Heap after GC invocations=35 (full 0):
 garbage-first heap   total 280576K, used 221696K [0x0000000080000000, 0x0000000100000000)
  region size 1024K, 3 young (3072K), 3 survivors (3072K)
 Metaspace       used 111876K, capacity 114384K, committed 114692K, reserved 1148928K
  class space    used 13988K, capacity 14916K, committed 15052K, reserved 1048576K
}
Event: 33.409 GC heap before
{Heap before GC invocations=35 (full 0):
 garbage-first heap   total 280576K, used 232960K [0x0000000080000000, 0x0000000100000000)
  region size 1024K, 14 young (14336K), 3 survivors (3072K)
 Metaspace       used 111916K, capacity 114389K, committed 114692K, reserved 1148928K
  class space    used 13988K, capacity 14916K, committed 15052K, reserved 1048576K
}
Event: 33.416 GC heap after
{Heap after GC invocations=36 (full 0):
 garbage-first heap   total 280576K, used 225280K [0x0000000080000000, 0x0000000100000000)
  region size 1024K, 2 young (2048K), 2 survivors (2048K)
 Metaspace       used 111916K, capacity 114389K, committed 114692K, reserved 1148928K
  class space    used 13988K, capacity 14916K, committed 15052K, reserved 1048576K
}
Event: 33.657 GC heap before
{Heap before GC invocations=36 (full 0):
 garbage-first heap   total 280576K, used 236544K [0x0000000080000000, 0x0000000100000000)
  region size 1024K, 13 young (13312K), 2 survivors (2048K)
 Metaspace       used 111944K, capacity 114389K, committed 114692K, reserved 1148928K
  class space    used 13988K, capacity 14916K, committed 15052K, reserved 1048576K
}
Event: 33.665 GC heap after
{Heap after GC invocations=37 (full 0):
 garbage-first heap   total 280576K, used 227624K [0x0000000080000000, 0x0000000100000000)
  region size 1024K, 2 young (2048K), 2 survivors (2048K)
 Metaspace       used 111944K, capacity 114389K, committed 114692K, reserved 1148928K
  class space    used 13988K, capacity 14916K, committed 15052K, reserved 1048576K
}
Event: 33.798 GC heap before
{Heap before GC invocations=37 (full 0):
 garbage-first heap   total 280576K, used 238888K [0x0000000080000000, 0x0000000100000000)
  region size 1024K, 13 young (13312K), 2 survivors (2048K)
 Metaspace       used 111944K, capacity 114389K, committed 114692K, reserved 1148928K
  class space    used 13988K, capacity 14916K, committed 15052K, reserved 1048576K
}
Event: 33.812 GC heap after
{Heap after GC invocations=38 (full 0):
 garbage-first heap   total 280576K, used 238897K [0x0000000080000000, 0x0000000100000000)
  region size 1024K, 2 young (2048K), 2 survivors (2048K)
 Metaspace       used 111944K, capacity 114389K, committed 114692K, reserved 1148928K
  class space    used 13988K, capacity 14916K, committed 15052K, reserved 1048576K
}
Event: 33.867 GC heap before
{Heap before GC invocations=38 (full 0):
 garbage-first heap   total 280576K, used 250161K [0x0000000080000000, 0x0000000100000000)
  region size 1024K, 13 young (13312K), 2 survivors (2048K)
 Metaspace       used 111944K, capacity 114389K, committed 114692K, reserved 1148928K
  class space    used 13988K, capacity 14916K, committed 15052K, reserved 1048576K
}
Event: 33.878 GC heap after
{Heap after GC invocations=39 (full 0):
 garbage-first heap   total 280576K, used 250880K [0x0000000080000000, 0x0000000100000000)
  region size 1024K, 2 young (2048K), 2 survivors (2048K)
 Metaspace       used 111944K, capacity 114389K, committed 114692K, reserved 1148928K
  class space    used 13988K, capacity 14916K, committed 15052K, reserved 1048576K
}
Event: 33.955 GC heap before
{Heap before GC invocations=39 (full 0):
 garbage-first heap   total 280576K, used 262144K [0x0000000080000000, 0x0000000100000000)
  region size 1024K, 13 young (13312K), 2 survivors (2048K)
 Metaspace       used 111944K, capacity 114389K, committed 114692K, reserved 1148928K
  class space    used 13988K, capacity 14916K, committed 15052K, reserved 1048576K
}
Event: 33.973 GC heap after
{Heap after GC invocations=40 (full 0):
 garbage-first heap   total 336896K, used 263168K [0x0000000080000000, 0x0000000100000000)
  region size 1024K, 2 young (2048K), 2 survivors (2048K)
 Metaspace       used 111944K, capacity 114389K, committed 114692K, reserved 1148928K
  class space    used 13988K, capacity 14916K, committed 15052K, reserved 1048576K
}
Event: 34.055 GC heap before
{Heap before GC invocations=40 (full 0):
 garbage-first heap   total 336896K, used 277504K [0x0000000080000000, 0x0000000100000000)
  region size 1024K, 16 young (16384K), 2 survivors (2048K)
 Metaspace       used 111945K, capacity 114389K, committed 114692K, reserved 1148928K
  class space    used 13988K, capacity 14916K, committed 15052K, reserved 1048576K
}
Event: 34.076 GC heap after
{Heap after GC invocations=41 (full 0):
 garbage-first heap   total 336896K, used 276480K [0x0000000080000000, 0x0000000100000000)
  region size 1024K, 2 young (2048K), 2 survivors (2048K)
 Metaspace       used 111945K, capacity 114389K, committed 114692K, reserved 1148928K
  class space    used 13988K, capacity 14916K, committed 15052K, reserved 1048576K
}
Event: 34.210 GC heap before
{Heap before GC invocations=42 (full 0):
 garbage-first heap   total 336896K, used 290816K [0x0000000080000000, 0x0000000100000000)
  region size 1024K, 16 young (16384K), 2 survivors (2048K)
 Metaspace       used 111978K, capacity 114456K, committed 114692K, reserved 1148928K
  class space    used 13989K, capacity 14916K, committed 15052K, reserved 1048576K
}
Event: 34.220 GC heap after
{Heap after GC invocations=43 (full 0):
 garbage-first heap   total 336896K, used 279137K [0x0000000080000000, 0x0000000100000000)
  region size 1024K, 2 young (2048K), 2 survivors (2048K)
 Metaspace       used 111978K, capacity 114456K, committed 114692K, reserved 1148928K
  class space    used 13989K, capacity 14916K, committed 15052K, reserved 1048576K
}
Event: 34.546 GC heap before
{Heap before GC invocations=43 (full 0):
 garbage-first heap   total 336896K, used 292449K [0x0000000080000000, 0x0000000100000000)
  region size 1024K, 16 young (16384K), 2 survivors (2048K)
 Metaspace       used 112925K, capacity 115382K, committed 115588K, reserved 1150976K
  class space    used 14115K, capacity 15056K, committed 15180K, reserved 1048576K
}
Event: 34.552 GC heap after
{Heap after GC invocations=44 (full 0):
 garbage-first heap   total 336896K, used 280395K [0x0000000080000000, 0x0000000100000000)
  region size 1024K, 2 young (2048K), 2 survivors (2048K)
 Metaspace       used 112925K, capacity 115382K, committed 115588K, reserved 1150976K
  class space    used 14115K, capacity 15056K, committed 15180K, reserved 1048576K
}
Event: 35.606 GC heap before
{Heap before GC invocations=45 (full 0):
 garbage-first heap   total 336896K, used 162635K [0x0000000080000000, 0x0000000100000000)
  region size 1024K, 16 young (16384K), 2 survivors (2048K)
 Metaspace       used 113566K, capacity 116041K, committed 116356K, reserved 1150976K
  class space    used 14116K, capacity 15057K, committed 15180K, reserved 1048576K
}

