# JRE version: OpenJDK Runtime Environment (11.0.13) (build 11.0.13+0-b1751.21-8125866)
# Java VM: OpenJDK 64-Bit Server VM (11.0.13+0-b1751.21-8125866, mixed mode, tiered, compressed oops, g1 gc, windows-amd64)
Heap:
 garbage-first heap   total 395264K, used 178760K [0x0000000080000000, 0x0000000100000000)
  region size 1024K, 38 young (38912K), 21 survivors (21504K)
 Metaspace       used 108014K, capacity 110802K, committed 111488K, reserved 1144832K
  class space    used 13705K, capacity 14830K, committed 15232K, reserved 1048576K
GC Heap History (20 events):
Event: 32.007 GC heap before
{Heap before GC invocations=37 (full 0):
 garbage-first heap   total 273408K, used 161242K [0x0000000080000000, 0x0000000100000000)
  region size 1024K, 13 young (13312K), 8 survivors (8192K)
 Metaspace       used 107647K, capacity 110405K, committed 111104K, reserved 1144832K
  class space    used 13679K, capacity 14789K, committed 15104K, reserved 1048576K
}
Event: 32.027 GC heap after
{Heap after GC invocations=38 (full 0):
 garbage-first heap   total 328704K, used 154098K [0x0000000080000000, 0x0000000100000000)
  region size 1024K, 2 young (2048K), 2 survivors (2048K)
 Metaspace       used 107647K, capacity 110405K, committed 111104K, reserved 1144832K
  class space    used 13679K, capacity 14789K, committed 15104K, reserved 1048576K
}
Event: 32.626 GC heap before
{Heap before GC invocations=38 (full 0):
 garbage-first heap   total 328704K, used 258546K [0x0000000080000000, 0x0000000100000000)
  region size 1024K, 104 young (106496K), 2 survivors (2048K)
 Metaspace       used 107783K, capacity 110641K, committed 111488K, reserved 1144832K
  class space    used 13692K, capacity 14822K, committed 15232K, reserved 1048576K
}
Event: 32.650 GC heap after
{Heap after GC invocations=39 (full 0):
 garbage-first heap   total 328704K, used 160888K [0x0000000080000000, 0x0000000100000000)
  region size 1024K, 9 young (9216K), 9 survivors (9216K)
 Metaspace       used 107783K, capacity 110641K, committed 111488K, reserved 1144832K
  class space    used 13692K, capacity 14822K, committed 15232K, reserved 1048576K
}
Event: 33.422 GC heap before
{Heap before GC invocations=40 (full 0):
 garbage-first heap   total 328704K, used 263288K [0x0000000080000000, 0x0000000100000000)
  region size 1024K, 109 young (111616K), 9 survivors (9216K)
 Metaspace       used 107809K, capacity 110642K, committed 111488K, reserved 1144832K
  class space    used 13692K, capacity 14822K, committed 15232K, reserved 1048576K
}
Event: 33.452 GC heap after
{Heap after GC invocations=41 (full 0):
 garbage-first heap   total 328704K, used 170583K [0x0000000080000000, 0x0000000100000000)
  region size 1024K, 11 young (11264K), 11 survivors (11264K)
 Metaspace       used 107809K, capacity 110642K, committed 111488K, reserved 1144832K
  class space    used 13692K, capacity 14822K, committed 15232K, reserved 1048576K
}
Event: 33.471 GC heap before
{Heap before GC invocations=41 (full 0):
 garbage-first heap   total 328704K, used 175703K [0x0000000080000000, 0x0000000100000000)
  region size 1024K, 16 young (16384K), 11 survivors (11264K)
 Metaspace       used 107809K, capacity 110642K, committed 111488K, reserved 1144832K
  class space    used 13692K, capacity 14822K, committed 15232K, reserved 1048576K
}
Event: 33.490 GC heap after
{Heap after GC invocations=42 (full 0):
 garbage-first heap   total 328704K, used 154032K [0x0000000080000000, 0x0000000100000000)
  region size 1024K, 2 young (2048K), 2 survivors (2048K)
 Metaspace       used 107809K, capacity 110642K, committed 111488K, reserved 1144832K
  class space    used 13692K, capacity 14822K, committed 15232K, reserved 1048576K
}
Event: 33.969 GC heap before
{Heap before GC invocations=42 (full 0):
 garbage-first heap   total 328704K, used 259504K [0x0000000080000000, 0x0000000100000000)
  region size 1024K, 105 young (107520K), 2 survivors (2048K)
 Metaspace       used 107866K, capacity 110712K, committed 111488K, reserved 1144832K
  class space    used 13697K, capacity 14824K, committed 15232K, reserved 1048576K
}
Event: 33.998 GC heap after
{Heap after GC invocations=43 (full 0):
 garbage-first heap   total 328704K, used 157957K [0x0000000080000000, 0x0000000100000000)
  region size 1024K, 6 young (6144K), 6 survivors (6144K)
 Metaspace       used 107866K, capacity 110712K, committed 111488K, reserved 1144832K
  class space    used 13697K, capacity 14824K, committed 15232K, reserved 1048576K
}
Event: 35.069 GC heap before
{Heap before GC invocations=44 (full 0):
 garbage-first heap   total 328704K, used 261869K [0x0000000080000000, 0x0000000100000000)
  region size 1024K, 112 young (114688K), 6 survivors (6144K)
 Metaspace       used 107894K, capacity 110715K, committed 111488K, reserved 1144832K
  class space    used 13697K, capacity 14824K, committed 15232K, reserved 1048576K
}
Event: 35.079 GC heap after
{Heap after GC invocations=45 (full 0):
 garbage-first heap   total 395264K, used 151783K [0x0000000080000000, 0x0000000100000000)
  region size 1024K, 5 young (5120K), 5 survivors (5120K)
 Metaspace       used 107894K, capacity 110715K, committed 111488K, reserved 1144832K
  class space    used 13697K, capacity 14824K, committed 15232K, reserved 1048576K
}
Event: 35.160 GC heap before
{Heap before GC invocations=45 (full 0):
 garbage-first heap   total 395264K, used 165095K [0x0000000080000000, 0x0000000100000000)
  region size 1024K, 19 young (19456K), 5 survivors (5120K)
 Metaspace       used 107898K, capacity 110716K, committed 111488K, reserved 1144832K
  class space    used 13697K, capacity 14824K, committed 15232K, reserved 1048576K
}
Event: 35.171 GC heap after
{Heap after GC invocations=46 (full 0):
 garbage-first heap   total 395264K, used 143141K [0x0000000080000000, 0x0000000100000000)
  region size 1024K, 3 young (3072K), 3 survivors (3072K)
 Metaspace       used 107898K, capacity 110716K, committed 111488K, reserved 1144832K
  class space    used 13697K, capacity 14824K, committed 15232K, reserved 1048576K
}
Event: 35.852 GC heap before
{Heap before GC invocations=46 (full 0):
 garbage-first heap   total 395264K, used 279333K [0x0000000080000000, 0x0000000100000000)
  region size 1024K, 136 young (139264K), 3 survivors (3072K)
 Metaspace       used 107934K, capacity 110783K, committed 111488K, reserved 1144832K
  class space    used 13700K, capacity 14825K, committed 15232K, reserved 1048576K
}
Event: 35.864 GC heap after
{Heap after GC invocations=47 (full 0):
 garbage-first heap   total 395264K, used 147876K [0x0000000080000000, 0x0000000100000000)
  region size 1024K, 8 young (8192K), 8 survivors (8192K)
 Metaspace       used 107934K, capacity 110783K, committed 111488K, reserved 1144832K
  class space    used 13700K, capacity 14825K, committed 15232K, reserved 1048576K
}
Event: 36.602 GC heap before
{Heap before GC invocations=47 (full 0):
 garbage-first heap   total 395264K, used 294308K [0x0000000080000000, 0x0000000100000000)
  region size 1024K, 151 young (154624K), 8 survivors (8192K)
 Metaspace       used 107953K, capacity 110785K, committed 111488K, reserved 1144832K
  class space    used 13700K, capacity 14825K, committed 15232K, reserved 1048576K
}
Event: 36.616 GC heap after
{Heap after GC invocations=48 (full 0):
 garbage-first heap   total 395264K, used 148889K [0x0000000080000000, 0x0000000100000000)
  region size 1024K, 9 young (9216K), 9 survivors (9216K)
 Metaspace       used 107953K, capacity 110785K, committed 111488K, reserved 1144832K
  class space    used 13700K, capacity 14825K, committed 15232K, reserved 1048576K
}
Event: 37.329 GC heap before
{Heap before GC invocations=48 (full 0):
 garbage-first heap   total 395264K, used 309657K [0x0000000080000000, 0x0000000100000000)
  region size 1024K, 166 young (169984K), 9 survivors (9216K)
 Metaspace       used 108012K, capacity 110801K, committed 111488K, reserved 1144832K
  class space    used 13705K, capacity 14830K, committed 15232K, reserved 1048576K
}
Event: 37.354 GC heap after
{Heap after GC invocations=49 (full 0):
 garbage-first heap   total 395264K, used 162376K [0x0000000080000000, 0x0000000100000000)
  region size 1024K, 21 young (21504K), 21 survivors (21504K)
 Metaspace       used 108012K, capacity 110801K, committed 111488K, reserved 1144832K
  class space    used 13705K, capacity 14830K, committed 15232K, reserved 1048576K
}

