# JRE version: OpenJDK Runtime Environment (11.0.13) (build 11.0.13+0-b1751.21-8125866)
# Java VM: OpenJDK 64-Bit Server VM (11.0.13+0-b1751.21-8125866, mixed mode, tiered, compressed oops, g1 gc, windows-amd64)
Heap:
 garbage-first heap   total 730112K, used 297310K [0x0000000080000000, 0x0000000100000000)
  region size 1024K, 2 young (2048K), 2 survivors (2048K)
 Metaspace       used 145582K, capacity 149285K, committed 149436K, reserved 1179648K
  class space    used 17757K, capacity 19175K, committed 19276K, reserved 1048576K
GC Heap History (20 events):
Event: 4740.050 GC heap after
{Heap after GC invocations=80 (full 0):
 garbage-first heap   total 241664K, used 192714K [0x0000000080000000, 0x0000000100000000)
  region size 1024K, 2 young (2048K), 2 survivors (2048K)
 Metaspace       used 144384K, capacity 148113K, committed 148284K, reserved 1179648K
  class space    used 17656K, capacity 19069K, committed 19148K, reserved 1048576K
}
Event: 4740.494 GC heap before
{Heap before GC invocations=80 (full 0):
 garbage-first heap   total 241664K, used 207050K [0x0000000080000000, 0x0000000100000000)
  region size 1024K, 15 young (15360K), 2 survivors (2048K)
 Metaspace       used 145289K, capacity 148997K, committed 149180K, reserved 1179648K
  class space    used 17743K, capacity 19171K, committed 19276K, reserved 1048576K
}
Event: 4740.503 GC heap after
{Heap after GC invocations=81 (full 0):
 garbage-first heap   total 241664K, used 194205K [0x0000000080000000, 0x0000000100000000)
  region size 1024K, 2 young (2048K), 2 survivors (2048K)
 Metaspace       used 145289K, capacity 148997K, committed 149180K, reserved 1179648K
  class space    used 17743K, capacity 19171K, committed 19276K, reserved 1048576K
}
Event: 4740.740 GC heap before
{Heap before GC invocations=81 (full 0):
 garbage-first heap   total 241664K, used 207517K [0x0000000080000000, 0x0000000100000000)
  region size 1024K, 15 young (15360K), 2 survivors (2048K)
 Metaspace       used 145405K, capacity 149132K, committed 149436K, reserved 1179648K
  class space    used 17750K, capacity 19173K, committed 19276K, reserved 1048576K
}
Event: 4740.750 GC heap after
{Heap after GC invocations=82 (full 0):
 garbage-first heap   total 241664K, used 196966K [0x0000000080000000, 0x0000000100000000)
  region size 1024K, 2 young (2048K), 2 survivors (2048K)
 Metaspace       used 145405K, capacity 149132K, committed 149436K, reserved 1179648K
  class space    used 17750K, capacity 19173K, committed 19276K, reserved 1048576K
}
Event: 4740.844 GC heap before
{Heap before GC invocations=82 (full 0):
 garbage-first heap   total 241664K, used 208230K [0x0000000080000000, 0x0000000100000000)
  region size 1024K, 14 young (14336K), 2 survivors (2048K)
 Metaspace       used 145405K, capacity 149132K, committed 149436K, reserved 1179648K
  class space    used 17750K, capacity 19173K, committed 19276K, reserved 1048576K
}
Event: 4740.856 GC heap after
{Heap after GC invocations=83 (full 0):
 garbage-first heap   total 241664K, used 209415K [0x0000000080000000, 0x0000000100000000)
  region size 1024K, 2 young (2048K), 2 survivors (2048K)
 Metaspace       used 145405K, capacity 149132K, committed 149436K, reserved 1179648K
  class space    used 17750K, capacity 19173K, committed 19276K, reserved 1048576K
}
Event: 4740.899 GC heap before
{Heap before GC invocations=84 (full 0):
 garbage-first heap   total 241664K, used 217607K [0x0000000080000000, 0x0000000100000000)
  region size 1024K, 11 young (11264K), 2 survivors (2048K)
 Metaspace       used 145405K, capacity 149132K, committed 149436K, reserved 1179648K
  class space    used 17750K, capacity 19173K, committed 19276K, reserved 1048576K
}
Event: 4740.907 GC heap after
{Heap after GC invocations=85 (full 0):
 garbage-first heap   total 241664K, used 219066K [0x0000000080000000, 0x0000000100000000)
  region size 1024K, 2 young (2048K), 2 survivors (2048K)
 Metaspace       used 145405K, capacity 149132K, committed 149436K, reserved 1179648K
  class space    used 17750K, capacity 19173K, committed 19276K, reserved 1048576K
}
Event: 4740.944 GC heap before
{Heap before GC invocations=85 (full 0):
 garbage-first heap   total 241664K, used 228282K [0x0000000080000000, 0x0000000100000000)
  region size 1024K, 11 young (11264K), 2 survivors (2048K)
 Metaspace       used 145405K, capacity 149132K, committed 149436K, reserved 1179648K
  class space    used 17750K, capacity 19173K, committed 19276K, reserved 1048576K
}
Event: 4740.971 GC heap after
{Heap after GC invocations=86 (full 0):
 garbage-first heap   total 245760K, used 224710K [0x0000000080000000, 0x0000000100000000)
  region size 1024K, 2 young (2048K), 2 survivors (2048K)
 Metaspace       used 145405K, capacity 149132K, committed 149436K, reserved 1179648K
  class space    used 17750K, capacity 19173K, committed 19276K, reserved 1048576K
}
Event: 4740.994 GC heap before
{Heap before GC invocations=86 (full 0):
 garbage-first heap   total 245760K, used 234950K [0x0000000080000000, 0x0000000100000000)
  region size 1024K, 12 young (12288K), 2 survivors (2048K)
 Metaspace       used 145405K, capacity 149132K, committed 149436K, reserved 1179648K
  class space    used 17750K, capacity 19173K, committed 19276K, reserved 1048576K
}
Event: 4741.020 GC heap after
{Heap after GC invocations=87 (full 0):
 garbage-first heap   total 376832K, used 236032K [0x0000000080000000, 0x0000000100000000)
  region size 1024K, 2 young (2048K), 2 survivors (2048K)
 Metaspace       used 145405K, capacity 149132K, committed 149436K, reserved 1179648K
  class space    used 17750K, capacity 19173K, committed 19276K, reserved 1048576K
}
Event: 4741.452 GC heap before
{Heap before GC invocations=87 (full 0):
 garbage-first heap   total 376832K, used 270848K [0x0000000080000000, 0x0000000100000000)
  region size 1024K, 36 young (36864K), 2 survivors (2048K)
 Metaspace       used 145486K, capacity 149205K, committed 149436K, reserved 1179648K
  class space    used 17750K, capacity 19173K, committed 19276K, reserved 1048576K
}
Event: 4741.474 GC heap after
{Heap after GC invocations=88 (full 0):
 garbage-first heap   total 376832K, used 249856K [0x0000000080000000, 0x0000000100000000)
  region size 1024K, 5 young (5120K), 5 survivors (5120K)
 Metaspace       used 145486K, capacity 149205K, committed 149436K, reserved 1179648K
  class space    used 17750K, capacity 19173K, committed 19276K, reserved 1048576K
}
Event: 4741.626 GC heap before
{Heap before GC invocations=88 (full 0):
 garbage-first heap   total 376832K, used 282624K [0x0000000080000000, 0x0000000100000000)
  region size 1024K, 37 young (37888K), 5 survivors (5120K)
 Metaspace       used 145486K, capacity 149205K, committed 149436K, reserved 1179648K
  class space    used 17750K, capacity 19173K, committed 19276K, reserved 1048576K
}
Event: 4741.667 GC heap after
{Heap after GC invocations=89 (full 0):
 garbage-first heap   total 376832K, used 282624K [0x0000000080000000, 0x0000000100000000)
  region size 1024K, 5 young (5120K), 5 survivors (5120K)
 Metaspace       used 145486K, capacity 149205K, committed 149436K, reserved 1179648K
  class space    used 17750K, capacity 19173K, committed 19276K, reserved 1048576K
}
Event: 4741.710 GC heap before
{Heap before GC invocations=89 (full 0):
 garbage-first heap   total 376832K, used 301056K [0x0000000080000000, 0x0000000100000000)
  region size 1024K, 23 young (23552K), 5 survivors (5120K)
 Metaspace       used 145493K, capacity 149205K, committed 149436K, reserved 1179648K
  class space    used 17750K, capacity 19173K, committed 19276K, reserved 1048576K
}
Event: 4741.733 GC heap after
{Heap after GC invocations=90 (full 0):
 garbage-first heap   total 376832K, used 294400K [0x0000000080000000, 0x0000000100000000)
  region size 1024K, 3 young (3072K), 3 survivors (3072K)
 Metaspace       used 145493K, capacity 149205K, committed 149436K, reserved 1179648K
  class space    used 17750K, capacity 19173K, committed 19276K, reserved 1048576K
}
Event: 4741.949 GC heap before
{Heap before GC invocations=90 (full 0):
 garbage-first heap   total 376832K, used 309760K [0x0000000080000000, 0x0000000100000000)
  region size 1024K, 18 young (18432K), 3 survivors (3072K)
 Metaspace       used 145582K, capacity 149285K, committed 149436K, reserved 1179648K
  class space    used 17757K, capacity 19175K, committed 19276K, reserved 1048576K
}

