# JRE version: OpenJDK Runtime Environment (11.0.13) (build 11.0.13+0-b1751.21-8125866)
# Java VM: OpenJDK 64-Bit Server VM (11.0.13+0-b1751.21-8125866, mixed mode, tiered, compressed oops, g1 gc, windows-amd64)
Heap:
 garbage-first heap   total 458752K, used 156526K [0x0000000080000000, 0x0000000100000000)
  region size 1024K, 2 young (2048K), 2 survivors (2048K)
 Metaspace       used 113306K, capacity 115803K, committed 115920K, reserved 1150976K
  class space    used 14129K, capacity 15064K, committed 15104K, reserved 1048576K
GC Heap History (20 events):
Event: 36.102 GC heap after
{Heap after GC invocations=46 (full 0):
 garbage-first heap   total 273408K, used 181580K [0x0000000080000000, 0x0000000100000000)
  region size 1024K, 5 young (5120K), 5 survivors (5120K)
 Metaspace       used 111757K, capacity 114156K, committed 114256K, reserved 1148928K
  class space    used 14002K, capacity 14923K, committed 14976K, reserved 1048576K
}
Event: 36.242 GC heap before
{Heap before GC invocations=46 (full 0):
 garbage-first heap   total 273408K, used 211276K [0x0000000080000000, 0x0000000100000000)
  region size 1024K, 34 young (34816K), 5 survivors (5120K)
 Metaspace       used 111758K, capacity 114156K, committed 114256K, reserved 1148928K
  class space    used 14002K, capacity 14923K, committed 14976K, reserved 1048576K
}
Event: 36.274 GC heap after
{Heap after GC invocations=47 (full 0):
 garbage-first heap   total 273408K, used 210944K [0x0000000080000000, 0x0000000100000000)
  region size 1024K, 5 young (5120K), 5 survivors (5120K)
 Metaspace       used 111758K, capacity 114156K, committed 114256K, reserved 1148928K
  class space    used 14002K, capacity 14923K, committed 14976K, reserved 1048576K
}
Event: 36.386 GC heap before
{Heap before GC invocations=47 (full 0):
 garbage-first heap   total 273408K, used 224256K [0x0000000080000000, 0x0000000100000000)
  region size 1024K, 18 young (18432K), 5 survivors (5120K)
 Metaspace       used 111763K, capacity 114156K, committed 114256K, reserved 1148928K
  class space    used 14002K, capacity 14923K, committed 14976K, reserved 1048576K
}
Event: 36.402 GC heap after
{Heap after GC invocations=48 (full 0):
 garbage-first heap   total 273408K, used 222720K [0x0000000080000000, 0x0000000100000000)
  region size 1024K, 3 young (3072K), 3 survivors (3072K)
 Metaspace       used 111763K, capacity 114156K, committed 114256K, reserved 1148928K
  class space    used 14002K, capacity 14923K, committed 14976K, reserved 1048576K
}
Event: 36.572 GC heap before
{Heap before GC invocations=48 (full 0):
 garbage-first heap   total 273408K, used 232960K [0x0000000080000000, 0x0000000100000000)
  region size 1024K, 13 young (13312K), 3 survivors (3072K)
 Metaspace       used 111802K, capacity 114222K, committed 114512K, reserved 1148928K
  class space    used 14002K, capacity 14923K, committed 14976K, reserved 1048576K
}
Event: 36.579 GC heap after
{Heap after GC invocations=49 (full 0):
 garbage-first heap   total 273408K, used 226304K [0x0000000080000000, 0x0000000100000000)
  region size 1024K, 2 young (2048K), 2 survivors (2048K)
 Metaspace       used 111802K, capacity 114222K, committed 114512K, reserved 1148928K
  class space    used 14002K, capacity 14923K, committed 14976K, reserved 1048576K
}
Event: 36.804 GC heap before
{Heap before GC invocations=49 (full 0):
 garbage-first heap   total 273408K, used 237568K [0x0000000080000000, 0x0000000100000000)
  region size 1024K, 13 young (13312K), 2 survivors (2048K)
 Metaspace       used 111818K, capacity 114222K, committed 114512K, reserved 1148928K
  class space    used 14002K, capacity 14923K, committed 14976K, reserved 1048576K
}
Event: 36.808 GC heap after
{Heap after GC invocations=50 (full 0):
 garbage-first heap   total 273408K, used 226967K [0x0000000080000000, 0x0000000100000000)
  region size 1024K, 1 young (1024K), 1 survivors (1024K)
 Metaspace       used 111818K, capacity 114222K, committed 114512K, reserved 1148928K
  class space    used 14002K, capacity 14923K, committed 14976K, reserved 1048576K
}
Event: 36.998 GC heap before
{Heap before GC invocations=50 (full 0):
 garbage-first heap   total 273408K, used 239255K [0x0000000080000000, 0x0000000100000000)
  region size 1024K, 13 young (13312K), 1 survivors (1024K)
 Metaspace       used 111841K, capacity 114286K, committed 114512K, reserved 1148928K
  class space    used 14002K, capacity 14923K, committed 14976K, reserved 1048576K
}
Event: 37.015 GC heap after
{Heap after GC invocations=51 (full 0):
 garbage-first heap   total 273408K, used 238731K [0x0000000080000000, 0x0000000100000000)
  region size 1024K, 2 young (2048K), 2 survivors (2048K)
 Metaspace       used 111841K, capacity 114286K, committed 114512K, reserved 1148928K
  class space    used 14002K, capacity 14923K, committed 14976K, reserved 1048576K
}
Event: 37.065 GC heap before
{Heap before GC invocations=51 (full 0):
 garbage-first heap   total 273408K, used 249995K [0x0000000080000000, 0x0000000100000000)
  region size 1024K, 13 young (13312K), 2 survivors (2048K)
 Metaspace       used 111841K, capacity 114286K, committed 114512K, reserved 1148928K
  class space    used 14002K, capacity 14923K, committed 14976K, reserved 1048576K
}
Event: 37.078 GC heap after
{Heap after GC invocations=52 (full 0):
 garbage-first heap   total 342016K, used 250266K [0x0000000080000000, 0x0000000100000000)
  region size 1024K, 2 young (2048K), 2 survivors (2048K)
 Metaspace       used 111841K, capacity 114286K, committed 114512K, reserved 1148928K
  class space    used 14002K, capacity 14923K, committed 14976K, reserved 1048576K
}
Event: 37.159 GC heap before
{Heap before GC invocations=52 (full 0):
 garbage-first heap   total 342016K, used 270746K [0x0000000080000000, 0x0000000100000000)
  region size 1024K, 22 young (22528K), 2 survivors (2048K)
 Metaspace       used 111841K, capacity 114286K, committed 114512K, reserved 1148928K
  class space    used 14002K, capacity 14923K, committed 14976K, reserved 1048576K
}
Event: 37.188 GC heap after
{Heap after GC invocations=53 (full 0):
 garbage-first heap   total 342016K, used 271871K [0x0000000080000000, 0x0000000100000000)
  region size 1024K, 3 young (3072K), 3 survivors (3072K)
 Metaspace       used 111841K, capacity 114286K, committed 114512K, reserved 1148928K
  class space    used 14002K, capacity 14923K, committed 14976K, reserved 1048576K
}
Event: 37.321 GC heap before
{Heap before GC invocations=54 (full 0):
 garbage-first heap   total 342016K, used 285183K [0x0000000080000000, 0x0000000100000000)
  region size 1024K, 16 young (16384K), 3 survivors (3072K)
 Metaspace       used 111849K, capacity 114286K, committed 114512K, reserved 1148928K
  class space    used 14002K, capacity 14923K, committed 14976K, reserved 1048576K
}
Event: 37.332 GC heap after
{Heap after GC invocations=55 (full 0):
 garbage-first heap   total 342016K, used 279040K [0x0000000080000000, 0x0000000100000000)
  region size 1024K, 2 young (2048K), 2 survivors (2048K)
 Metaspace       used 111849K, capacity 114286K, committed 114512K, reserved 1148928K
  class space    used 14002K, capacity 14923K, committed 14976K, reserved 1048576K
}
Event: 37.436 GC heap before
{Heap before GC invocations=55 (full 0):
 garbage-first heap   total 342016K, used 293376K [0x0000000080000000, 0x0000000100000000)
  region size 1024K, 16 young (16384K), 2 survivors (2048K)
 Metaspace       used 111884K, capacity 114357K, committed 114512K, reserved 1148928K
  class space    used 14002K, capacity 14923K, committed 14976K, reserved 1048576K
}
Event: 37.444 GC heap after
{Heap after GC invocations=56 (full 0):
 garbage-first heap   total 342016K, used 280576K [0x0000000080000000, 0x0000000100000000)
  region size 1024K, 1 young (1024K), 1 survivors (1024K)
 Metaspace       used 111884K, capacity 114357K, committed 114512K, reserved 1148928K
  class space    used 14002K, capacity 14923K, committed 14976K, reserved 1048576K
}
Event: 38.375 GC heap before
{Heap before GC invocations=57 (full 0):
 garbage-first heap   total 342016K, used 169984K [0x0000000080000000, 0x0000000100000000)
  region size 1024K, 16 young (16384K), 1 survivors (1024K)
 Metaspace       used 113306K, capacity 115803K, committed 115920K, reserved 1150976K
  class space    used 14129K, capacity 15064K, committed 15104K, reserved 1048576K
}

