# JRE version: OpenJDK Runtime Environment (11.0.13) (build 11.0.13+0-b1751.21-8125866)
# Java VM: OpenJDK 64-Bit Server VM (11.0.13+0-b1751.21-8125866, mixed mode, tiered, compressed oops, g1 gc, windows-amd64)
Heap:
 garbage-first heap   total 131072K, used 82849K [0x0000000080000000, 0x0000000100000000)
  region size 1024K, 48 young (49152K), 6 survivors (6144K)
 Metaspace       used 49536K, capacity 50813K, committed 50896K, reserved 1095680K
  class space    used 6241K, capacity 6723K, committed 6784K, reserved 1048576K
GC Heap History (20 events):
Event: 1.341 GC heap before
{Heap before GC invocations=0 (full 0):
 garbage-first heap   total 131072K, used 16384K [0x0000000080000000, 0x0000000100000000)
  region size 1024K, 14 young (14336K), 0 survivors (0K)
 Metaspace       used 6751K, capacity 6937K, committed 7168K, reserved 1056768K
  class space    used 572K, capacity 650K, committed 768K, reserved 1048576K
}
Event: 1.373 GC heap after
{Heap after GC invocations=1 (full 0):
 garbage-first heap   total 131072K, used 4219K [0x0000000080000000, 0x0000000100000000)
  region size 1024K, 2 young (2048K), 2 survivors (2048K)
 Metaspace       used 6751K, capacity 6937K, committed 7168K, reserved 1056768K
  class space    used 572K, capacity 650K, committed 768K, reserved 1048576K
}
Event: 4.135 GC heap before
{Heap before GC invocations=1 (full 0):
 garbage-first heap   total 131072K, used 65659K [0x0000000080000000, 0x0000000100000000)
  region size 1024K, 58 young (59392K), 2 survivors (2048K)
 Metaspace       used 11191K, capacity 11493K, committed 11520K, reserved 1058816K
  class space    used 1175K, capacity 1279K, committed 1280K, reserved 1048576K
}
Event: 4.145 GC heap after
{Heap after GC invocations=2 (full 0):
 garbage-first heap   total 131072K, used 14257K [0x0000000080000000, 0x0000000100000000)
  region size 1024K, 8 young (8192K), 8 survivors (8192K)
 Metaspace       used 11191K, capacity 11493K, committed 11520K, reserved 1058816K
  class space    used 1175K, capacity 1279K, committed 1280K, reserved 1048576K
}
Event: 6.675 GC heap before
{Heap before GC invocations=2 (full 0):
 garbage-first heap   total 131072K, used 61361K [0x0000000080000000, 0x0000000100000000)
  region size 1024K, 55 young (56320K), 8 survivors (8192K)
 Metaspace       used 19667K, capacity 20019K, committed 20224K, reserved 1067008K
  class space    used 2378K, capacity 2504K, committed 2560K, reserved 1048576K
}
Event: 6.722 GC heap after
{Heap after GC invocations=3 (full 0):
 garbage-first heap   total 131072K, used 16714K [0x0000000080000000, 0x0000000100000000)
  region size 1024K, 3 young (3072K), 3 survivors (3072K)
 Metaspace       used 19667K, capacity 20019K, committed 20224K, reserved 1067008K
  class space    used 2378K, capacity 2504K, committed 2560K, reserved 1048576K
}
Event: 7.449 GC heap before
{Heap before GC invocations=3 (full 0):
 garbage-first heap   total 131072K, used 24906K [0x0000000080000000, 0x0000000100000000)
  region size 1024K, 12 young (12288K), 3 survivors (3072K)
 Metaspace       used 20824K, capacity 21191K, committed 21296K, reserved 1069056K
  class space    used 2523K, capacity 2682K, committed 2688K, reserved 1048576K
}
Event: 7.458 GC heap after
{Heap after GC invocations=4 (full 0):
 garbage-first heap   total 131072K, used 17281K [0x0000000080000000, 0x0000000100000000)
  region size 1024K, 4 young (4096K), 4 survivors (4096K)
 Metaspace       used 20824K, capacity 21191K, committed 21296K, reserved 1069056K
  class space    used 2523K, capacity 2682K, committed 2688K, reserved 1048576K
}
Event: 9.767 GC heap before
{Heap before GC invocations=5 (full 0):
 garbage-first heap   total 131072K, used 69505K [0x0000000080000000, 0x0000000100000000)
  region size 1024K, 55 young (56320K), 4 survivors (4096K)
 Metaspace       used 26398K, capacity 27024K, committed 27184K, reserved 1073152K
  class space    used 3402K, capacity 3637K, committed 3712K, reserved 1048576K
}
Event: 9.778 GC heap after
{Heap after GC invocations=6 (full 0):
 garbage-first heap   total 131072K, used 19245K [0x0000000080000000, 0x0000000100000000)
  region size 1024K, 6 young (6144K), 6 survivors (6144K)
 Metaspace       used 26398K, capacity 27024K, committed 27184K, reserved 1073152K
  class space    used 3402K, capacity 3637K, committed 3712K, reserved 1048576K
}
Event: 14.267 GC heap before
{Heap before GC invocations=6 (full 0):
 garbage-first heap   total 131072K, used 74541K [0x0000000080000000, 0x0000000100000000)
  region size 1024K, 60 young (61440K), 6 survivors (6144K)
 Metaspace       used 32155K, capacity 32909K, committed 33200K, reserved 1077248K
  class space    used 4235K, capacity 4515K, committed 4608K, reserved 1048576K
}
Event: 14.278 GC heap after
{Heap after GC invocations=7 (full 0):
 garbage-first heap   total 131072K, used 21460K [0x0000000080000000, 0x0000000100000000)
  region size 1024K, 5 young (5120K), 5 survivors (5120K)
 Metaspace       used 32155K, capacity 32909K, committed 33200K, reserved 1077248K
  class space    used 4235K, capacity 4515K, committed 4608K, reserved 1048576K
}
Event: 14.694 GC heap before
{Heap before GC invocations=7 (full 0):
 garbage-first heap   total 131072K, used 26580K [0x0000000080000000, 0x0000000100000000)
  region size 1024K, 11 young (11264K), 5 survivors (5120K)
 Metaspace       used 34990K, capacity 35758K, committed 35920K, reserved 1081344K
  class space    used 4481K, capacity 4784K, committed 4864K, reserved 1048576K
}
Event: 14.705 GC heap after
{Heap after GC invocations=8 (full 0):
 garbage-first heap   total 131072K, used 22666K [0x0000000080000000, 0x0000000100000000)
  region size 1024K, 4 young (4096K), 4 survivors (4096K)
 Metaspace       used 34990K, capacity 35758K, committed 35920K, reserved 1081344K
  class space    used 4481K, capacity 4784K, committed 4864K, reserved 1048576K
}
Event: 15.821 GC heap before
{Heap before GC invocations=9 (full 0):
 garbage-first heap   total 131072K, used 75914K [0x0000000080000000, 0x0000000100000000)
  region size 1024K, 54 young (55296K), 4 survivors (4096K)
 Metaspace       used 39284K, capacity 40147K, committed 40272K, reserved 1085440K
  class space    used 4939K, capacity 5261K, committed 5376K, reserved 1048576K
}
Event: 15.832 GC heap after
{Heap after GC invocations=10 (full 0):
 garbage-first heap   total 131072K, used 26543K [0x0000000080000000, 0x0000000100000000)
  region size 1024K, 7 young (7168K), 7 survivors (7168K)
 Metaspace       used 39284K, capacity 40147K, committed 40272K, reserved 1085440K
  class space    used 4939K, capacity 5261K, committed 5376K, reserved 1048576K
}
Event: 17.025 GC heap before
{Heap before GC invocations=10 (full 0):
 garbage-first heap   total 131072K, used 79791K [0x0000000080000000, 0x0000000100000000)
  region size 1024K, 59 young (60416K), 7 survivors (7168K)
 Metaspace       used 44287K, capacity 45339K, committed 45520K, reserved 1089536K
  class space    used 5567K, capacity 5957K, committed 6016K, reserved 1048576K
}
Event: 17.044 GC heap after
{Heap after GC invocations=11 (full 0):
 garbage-first heap   total 131072K, used 29765K [0x0000000080000000, 0x0000000100000000)
  region size 1024K, 7 young (7168K), 7 survivors (7168K)
 Metaspace       used 44287K, capacity 45339K, committed 45520K, reserved 1089536K
  class space    used 5567K, capacity 5957K, committed 6016K, reserved 1048576K
}
Event: 18.125 GC heap before
{Heap before GC invocations=11 (full 0):
 garbage-first heap   total 131072K, used 84037K [0x0000000080000000, 0x0000000100000000)
  region size 1024K, 60 young (61440K), 7 survivors (7168K)
 Metaspace       used 48097K, capacity 49234K, committed 49360K, reserved 1091584K
  class space    used 6076K, capacity 6512K, committed 6528K, reserved 1048576K
}
Event: 18.138 GC heap after
{Heap after GC invocations=12 (full 0):
 garbage-first heap   total 131072K, used 32673K [0x0000000080000000, 0x0000000100000000)
  region size 1024K, 6 young (6144K), 6 survivors (6144K)
 Metaspace       used 48097K, capacity 49234K, committed 49360K, reserved 1091584K
  class space    used 6076K, capacity 6512K, committed 6528K, reserved 1048576K
}

