# JRE version: OpenJDK Runtime Environment (11.0.13) (build 11.0.13+0-b1751.21-8125866)
# Java VM: OpenJDK 64-Bit Server VM (11.0.13+0-b1751.21-8125866, mixed mode, tiered, compressed oops, g1 gc, windows-amd64)
Heap:
 garbage-first heap   total 681984K, used 158720K [0x0000000080000000, 0x0000000100000000)
  region size 1024K, 5 young (5120K), 5 survivors (5120K)
 Metaspace       used 114722K, capacity 117245K, committed 117328K, reserved 1150976K
  class space    used 14205K, capacity 15172K, committed 15232K, reserved 1048576K
GC Heap History (20 events):
Event: 34.697 GC heap after
{Heap after GC invocations=41 (full 0):
 garbage-first heap   total 227328K, used 175436K [0x0000000080000000, 0x0000000100000000)
  region size 1024K, 2 young (2048K), 2 survivors (2048K)
 Metaspace       used 110742K, capacity 113125K, committed 113360K, reserved 1148928K
  class space    used 13890K, capacity 14811K, committed 14848K, reserved 1048576K
}
Event: 35.185 GC heap before
{Heap before GC invocations=41 (full 0):
 garbage-first heap   total 227328K, used 189772K [0x0000000080000000, 0x0000000100000000)
  region size 1024K, 15 young (15360K), 2 survivors (2048K)
 Metaspace       used 111707K, capacity 114047K, committed 114256K, reserved 1148928K
  class space    used 13983K, capacity 14882K, committed 14976K, reserved 1048576K
}
Event: 35.195 GC heap after
{Heap after GC invocations=42 (full 0):
 garbage-first heap   total 227328K, used 177187K [0x0000000080000000, 0x0000000100000000)
  region size 1024K, 2 young (2048K), 2 survivors (2048K)
 Metaspace       used 111707K, capacity 114047K, committed 114256K, reserved 1148928K
  class space    used 13983K, capacity 14882K, committed 14976K, reserved 1048576K
}
Event: 35.445 GC heap before
{Heap before GC invocations=43 (full 0):
 garbage-first heap   total 227328K, used 190499K [0x0000000080000000, 0x0000000100000000)
  region size 1024K, 15 young (15360K), 2 survivors (2048K)
 Metaspace       used 111808K, capacity 114214K, committed 114512K, reserved 1148928K
  class space    used 13991K, capacity 14916K, committed 14976K, reserved 1048576K
}
Event: 35.456 GC heap after
{Heap after GC invocations=44 (full 0):
 garbage-first heap   total 273408K, used 178933K [0x0000000080000000, 0x0000000100000000)
  region size 1024K, 2 young (2048K), 2 survivors (2048K)
 Metaspace       used 111808K, capacity 114214K, committed 114512K, reserved 1148928K
  class space    used 13991K, capacity 14916K, committed 14976K, reserved 1048576K
}
Event: 35.535 GC heap before
{Heap before GC invocations=44 (full 0):
 garbage-first heap   total 273408K, used 190197K [0x0000000080000000, 0x0000000100000000)
  region size 1024K, 13 young (13312K), 2 survivors (2048K)
 Metaspace       used 111808K, capacity 114214K, committed 114512K, reserved 1148928K
  class space    used 13991K, capacity 14916K, committed 14976K, reserved 1048576K
}
Event: 35.549 GC heap after
{Heap after GC invocations=45 (full 0):
 garbage-first heap   total 273408K, used 190062K [0x0000000080000000, 0x0000000100000000)
  region size 1024K, 2 young (2048K), 2 survivors (2048K)
 Metaspace       used 111808K, capacity 114214K, committed 114512K, reserved 1148928K
  class space    used 13991K, capacity 14916K, committed 14976K, reserved 1048576K
}
Event: 35.669 GC heap before
{Heap before GC invocations=45 (full 0):
 garbage-first heap   total 273408K, used 212590K [0x0000000080000000, 0x0000000100000000)
  region size 1024K, 24 young (24576K), 2 survivors (2048K)
 Metaspace       used 111809K, capacity 114214K, committed 114512K, reserved 1148928K
  class space    used 13991K, capacity 14916K, committed 14976K, reserved 1048576K
}
Event: 35.692 GC heap after
{Heap after GC invocations=46 (full 0):
 garbage-first heap   total 273408K, used 212965K [0x0000000080000000, 0x0000000100000000)
  region size 1024K, 3 young (3072K), 3 survivors (3072K)
 Metaspace       used 111809K, capacity 114214K, committed 114512K, reserved 1148928K
  class space    used 13991K, capacity 14916K, committed 14976K, reserved 1048576K
}
Event: 35.760 GC heap before
{Heap before GC invocations=46 (full 0):
 garbage-first heap   total 273408K, used 224229K [0x0000000080000000, 0x0000000100000000)
  region size 1024K, 14 young (14336K), 3 survivors (3072K)
 Metaspace       used 111809K, capacity 114214K, committed 114512K, reserved 1148928K
  class space    used 13991K, capacity 14916K, committed 14976K, reserved 1048576K
}
Event: 35.779 GC heap after
{Heap after GC invocations=47 (full 0):
 garbage-first heap   total 273408K, used 225280K [0x0000000080000000, 0x0000000100000000)
  region size 1024K, 2 young (2048K), 2 survivors (2048K)
 Metaspace       used 111809K, capacity 114214K, committed 114512K, reserved 1148928K
  class space    used 13991K, capacity 14916K, committed 14976K, reserved 1048576K
}
Event: 35.872 GC heap before
{Heap before GC invocations=47 (full 0):
 garbage-first heap   total 273408K, used 236544K [0x0000000080000000, 0x0000000100000000)
  region size 1024K, 13 young (13312K), 2 survivors (2048K)
 Metaspace       used 111816K, capacity 114278K, committed 114512K, reserved 1148928K
  class space    used 13991K, capacity 14916K, committed 14976K, reserved 1048576K
}
Event: 35.887 GC heap after
{Heap after GC invocations=48 (full 0):
 garbage-first heap   total 418816K, used 229376K [0x0000000080000000, 0x0000000100000000)
  region size 1024K, 2 young (2048K), 2 survivors (2048K)
 Metaspace       used 111816K, capacity 114278K, committed 114512K, reserved 1148928K
  class space    used 13991K, capacity 14916K, committed 14976K, reserved 1048576K
}
Event: 36.384 GC heap before
{Heap before GC invocations=48 (full 0):
 garbage-first heap   total 418816K, used 280576K [0x0000000080000000, 0x0000000100000000)
  region size 1024K, 52 young (53248K), 2 survivors (2048K)
 Metaspace       used 111870K, capacity 114283K, committed 114512K, reserved 1148928K
  class space    used 13991K, capacity 14916K, committed 14976K, reserved 1048576K
}
Event: 36.426 GC heap after
{Heap after GC invocations=49 (full 0):
 garbage-first heap   total 418816K, used 265509K [0x0000000080000000, 0x0000000100000000)
  region size 1024K, 7 young (7168K), 7 survivors (7168K)
 Metaspace       used 111870K, capacity 114283K, committed 114512K, reserved 1148928K
  class space    used 13991K, capacity 14916K, committed 14976K, reserved 1048576K
}
Event: 36.791 GC heap before
{Heap before GC invocations=50 (full 0):
 garbage-first heap   total 418816K, used 302373K [0x0000000080000000, 0x0000000100000000)
  region size 1024K, 43 young (44032K), 7 survivors (7168K)
 Metaspace       used 112057K, capacity 114428K, committed 114512K, reserved 1148928K
  class space    used 14004K, capacity 14918K, committed 14976K, reserved 1048576K
}
Event: 36.823 GC heap after
{Heap after GC invocations=51 (full 0):
 garbage-first heap   total 418816K, used 276992K [0x0000000080000000, 0x0000000100000000)
  region size 1024K, 6 young (6144K), 6 survivors (6144K)
 Metaspace       used 112057K, capacity 114428K, committed 114512K, reserved 1148928K
  class space    used 14004K, capacity 14918K, committed 14976K, reserved 1048576K
}
Event: 38.429 GC heap before
{Heap before GC invocations=51 (full 0):
 garbage-first heap   total 418816K, used 312832K [0x0000000080000000, 0x0000000100000000)
  region size 1024K, 41 young (41984K), 6 survivors (6144K)
 Metaspace       used 114125K, capacity 116546K, committed 116816K, reserved 1150976K
  class space    used 14164K, capacity 15132K, committed 15232K, reserved 1048576K
}
Event: 38.442 GC heap after
{Heap after GC invocations=52 (full 0):
 garbage-first heap   total 418816K, used 280064K [0x0000000080000000, 0x0000000100000000)
  region size 1024K, 2 young (2048K), 2 survivors (2048K)
 Metaspace       used 114125K, capacity 116546K, committed 116816K, reserved 1150976K
  class space    used 14164K, capacity 15132K, committed 15232K, reserved 1048576K
}
Event: 39.285 GC heap before
{Heap before GC invocations=53 (full 0):
 garbage-first heap   total 418816K, used 190464K [0x0000000080000000, 0x0000000100000000)
  region size 1024K, 40 young (40960K), 2 survivors (2048K)
 Metaspace       used 114722K, capacity 117245K, committed 117328K, reserved 1150976K
  class space    used 14205K, capacity 15172K, committed 15232K, reserved 1048576K
}

