# JRE version: OpenJDK Runtime Environment (11.0.13) (build 11.0.13+0-b1751.21-8125866)
# Java VM: OpenJDK 64-Bit Server VM (11.0.13+0-b1751.21-8125866, mixed mode, tiered, compressed oops, g1 gc, windows-amd64)
Heap:
 garbage-first heap   total 427008K, used 184163K [0x0000000080000000, 0x0000000100000000)
  region size 1024K, 5 young (5120K), 5 survivors (5120K)
 Metaspace       used 108219K, capacity 111137K, committed 111424K, reserved 1146880K
  class space    used 13743K, capacity 14867K, committed 14924K, reserved 1048576K
GC Heap History (20 events):
Event: 38.068 GC heap after
{Heap after GC invocations=51 (full 0):
 garbage-first heap   total 282624K, used 123752K [0x0000000080000000, 0x0000000100000000)
  region size 1024K, 2 young (2048K), 2 survivors (2048K)
 Metaspace       used 107477K, capacity 110276K, committed 110656K, reserved 1144832K
  class space    used 13676K, capacity 14767K, committed 14924K, reserved 1048576K
}
Event: 39.097 GC heap before
{Heap before GC invocations=52 (full 0):
 garbage-first heap   total 282624K, used 208744K [0x0000000080000000, 0x0000000100000000)
  region size 1024K, 85 young (87040K), 2 survivors (2048K)
 Metaspace       used 107531K, capacity 110378K, committed 110656K, reserved 1144832K
  class space    used 13678K, capacity 14799K, committed 14924K, reserved 1048576K
}
Event: 39.105 GC heap after
{Heap after GC invocations=53 (full 0):
 garbage-first heap   total 282624K, used 124646K [0x0000000080000000, 0x0000000100000000)
  region size 1024K, 3 young (3072K), 3 survivors (3072K)
 Metaspace       used 107531K, capacity 110378K, committed 110656K, reserved 1144832K
  class space    used 13678K, capacity 14799K, committed 14924K, reserved 1048576K
}
Event: 39.649 GC heap before
{Heap before GC invocations=53 (full 0):
 garbage-first heap   total 282624K, used 217830K [0x0000000080000000, 0x0000000100000000)
  region size 1024K, 90 young (92160K), 3 survivors (3072K)
 Metaspace       used 107717K, capacity 110581K, committed 110912K, reserved 1144832K
  class space    used 13690K, capacity 14816K, committed 14924K, reserved 1048576K
}
Event: 39.669 GC heap after
{Heap after GC invocations=54 (full 0):
 garbage-first heap   total 282624K, used 137070K [0x0000000080000000, 0x0000000100000000)
  region size 1024K, 12 young (12288K), 12 survivors (12288K)
 Metaspace       used 107717K, capacity 110581K, committed 110912K, reserved 1144832K
  class space    used 13690K, capacity 14816K, committed 14924K, reserved 1048576K
}
Event: 40.150 GC heap before
{Heap before GC invocations=54 (full 0):
 garbage-first heap   total 282624K, used 216942K [0x0000000080000000, 0x0000000100000000)
  region size 1024K, 91 young (93184K), 12 survivors (12288K)
 Metaspace       used 107776K, capacity 110592K, committed 110912K, reserved 1144832K
  class space    used 13692K, capacity 14819K, committed 14924K, reserved 1048576K
}
Event: 40.170 GC heap after
{Heap after GC invocations=55 (full 0):
 garbage-first heap   total 282624K, used 142601K [0x0000000080000000, 0x0000000100000000)
  region size 1024K, 6 young (6144K), 6 survivors (6144K)
 Metaspace       used 107776K, capacity 110592K, committed 110912K, reserved 1144832K
  class space    used 13692K, capacity 14819K, committed 14924K, reserved 1048576K
}
Event: 40.529 GC heap before
{Heap before GC invocations=55 (full 0):
 garbage-first heap   total 282624K, used 222473K [0x0000000080000000, 0x0000000100000000)
  region size 1024K, 84 young (86016K), 6 survivors (6144K)
 Metaspace       used 107805K, capacity 110730K, committed 110912K, reserved 1144832K
  class space    used 13693K, capacity 14821K, committed 14924K, reserved 1048576K
}
Event: 40.553 GC heap after
{Heap after GC invocations=56 (full 0):
 garbage-first heap   total 282624K, used 156046K [0x0000000080000000, 0x0000000100000000)
  region size 1024K, 11 young (11264K), 11 survivors (11264K)
 Metaspace       used 107805K, capacity 110730K, committed 110912K, reserved 1144832K
  class space    used 13693K, capacity 14821K, committed 14924K, reserved 1048576K
}
Event: 40.903 GC heap before
{Heap before GC invocations=56 (full 0):
 garbage-first heap   total 282624K, used 224654K [0x0000000080000000, 0x0000000100000000)
  region size 1024K, 79 young (80896K), 11 survivors (11264K)
 Metaspace       used 107973K, capacity 110873K, committed 111168K, reserved 1146880K
  class space    used 13720K, capacity 14846K, committed 14924K, reserved 1048576K
}
Event: 40.923 GC heap after
{Heap after GC invocations=57 (full 0):
 garbage-first heap   total 282624K, used 159705K [0x0000000080000000, 0x0000000100000000)
  region size 1024K, 4 young (4096K), 4 survivors (4096K)
 Metaspace       used 107973K, capacity 110873K, committed 111168K, reserved 1146880K
  class space    used 13720K, capacity 14846K, committed 14924K, reserved 1048576K
}
Event: 41.200 GC heap before
{Heap before GC invocations=57 (full 0):
 garbage-first heap   total 282624K, used 228313K [0x0000000080000000, 0x0000000100000000)
  region size 1024K, 72 young (73728K), 4 survivors (4096K)
 Metaspace       used 107996K, capacity 110875K, committed 111168K, reserved 1146880K
  class space    used 13720K, capacity 14846K, committed 14924K, reserved 1048576K
}
Event: 41.220 GC heap after
{Heap after GC invocations=58 (full 0):
 garbage-first heap   total 350208K, used 167376K [0x0000000080000000, 0x0000000100000000)
  region size 1024K, 9 young (9216K), 9 survivors (9216K)
 Metaspace       used 107996K, capacity 110875K, committed 111168K, reserved 1146880K
  class space    used 13720K, capacity 14846K, committed 14924K, reserved 1048576K
}
Event: 41.667 GC heap before
{Heap before GC invocations=58 (full 0):
 garbage-first heap   total 350208K, used 260560K [0x0000000080000000, 0x0000000100000000)
  region size 1024K, 100 young (102400K), 9 survivors (9216K)
 Metaspace       used 108037K, capacity 110952K, committed 111168K, reserved 1146880K
  class space    used 13722K, capacity 14848K, committed 14924K, reserved 1048576K
}
Event: 41.698 GC heap after
{Heap after GC invocations=59 (full 0):
 garbage-first heap   total 350208K, used 176786K [0x0000000080000000, 0x0000000100000000)
  region size 1024K, 13 young (13312K), 13 survivors (13312K)
 Metaspace       used 108037K, capacity 110952K, committed 111168K, reserved 1146880K
  class space    used 13722K, capacity 14848K, committed 14924K, reserved 1048576K
}
Event: 42.221 GC heap before
{Heap before GC invocations=59 (full 0):
 garbage-first heap   total 350208K, used 266898K [0x0000000080000000, 0x0000000100000000)
  region size 1024K, 102 young (104448K), 13 survivors (13312K)
 Metaspace       used 108058K, capacity 110958K, committed 111168K, reserved 1146880K
  class space    used 13723K, capacity 14850K, committed 14924K, reserved 1048576K
}
Event: 42.245 GC heap after
{Heap after GC invocations=60 (full 0):
 garbage-first heap   total 350208K, used 180736K [0x0000000080000000, 0x0000000100000000)
  region size 1024K, 5 young (5120K), 5 survivors (5120K)
 Metaspace       used 108058K, capacity 110958K, committed 111168K, reserved 1146880K
  class space    used 13723K, capacity 14850K, committed 14924K, reserved 1048576K
}
Event: 42.693 GC heap before
{Heap before GC invocations=60 (full 0):
 garbage-first heap   total 350208K, used 272896K [0x0000000080000000, 0x0000000100000000)
  region size 1024K, 95 young (97280K), 5 survivors (5120K)
 Metaspace       used 108110K, capacity 110962K, committed 111168K, reserved 1146880K
  class space    used 13729K, capacity 14851K, committed 14924K, reserved 1048576K
}
Event: 42.707 GC heap after
{Heap after GC invocations=61 (full 0):
 garbage-first heap   total 350208K, used 184876K [0x0000000080000000, 0x0000000100000000)
  region size 1024K, 9 young (9216K), 9 survivors (9216K)
 Metaspace       used 108110K, capacity 110962K, committed 111168K, reserved 1146880K
  class space    used 13729K, capacity 14851K, committed 14924K, reserved 1048576K
}
Event: 43.254 GC heap before
{Heap before GC invocations=61 (full 0):
 garbage-first heap   total 350208K, used 278060K [0x0000000080000000, 0x0000000100000000)
  region size 1024K, 100 young (102400K), 9 survivors (9216K)
 Metaspace       used 108219K, capacity 111137K, committed 111424K, reserved 1146880K
  class space    used 13743K, capacity 14867K, committed 14924K, reserved 1048576K
}

