# JRE version: OpenJDK Runtime Environment (11.0.13) (build 11.0.13+0-b1751.21-8125866)
# Java VM: OpenJDK 64-Bit Server VM (11.0.13+0-b1751.21-8125866, mixed mode, tiered, compressed oops, g1 gc, windows-amd64)
Heap:
 garbage-first heap   total 587776K, used 302154K [0x0000000080000000, 0x0000000100000000)
  region size 1024K, 2 young (2048K), 2 survivors (2048K)
 Metaspace       used 118959K, capacity 121750K, committed 122048K, reserved 1155072K
  class space    used 14814K, capacity 15863K, committed 15948K, reserved 1048576K
GC Heap History (20 events):
Event: 133.046 GC heap after
{Heap after GC invocations=35 (full 0):
 garbage-first heap   total 273408K, used 226304K [0x0000000080000000, 0x0000000100000000)
  region size 1024K, 3 young (3072K), 3 survivors (3072K)
 Metaspace       used 118230K, capacity 121029K, committed 121280K, reserved 1155072K
  class space    used 14755K, capacity 15816K, committed 15948K, reserved 1048576K
}
Event: 133.111 GC heap before
{Heap before GC invocations=35 (full 0):
 garbage-first heap   total 273408K, used 236544K [0x0000000080000000, 0x0000000100000000)
  region size 1024K, 13 young (13312K), 3 survivors (3072K)
 Metaspace       used 118230K, capacity 121029K, committed 121280K, reserved 1155072K
  class space    used 14755K, capacity 15816K, committed 15948K, reserved 1048576K
}
Event: 133.129 GC heap after
{Heap after GC invocations=36 (full 0):
 garbage-first heap   total 273408K, used 237568K [0x0000000080000000, 0x0000000100000000)
  region size 1024K, 2 young (2048K), 2 survivors (2048K)
 Metaspace       used 118230K, capacity 121029K, committed 121280K, reserved 1155072K
  class space    used 14755K, capacity 15816K, committed 15948K, reserved 1048576K
}
Event: 133.250 GC heap before
{Heap before GC invocations=36 (full 0):
 garbage-first heap   total 273408K, used 248832K [0x0000000080000000, 0x0000000100000000)
  region size 1024K, 13 young (13312K), 2 survivors (2048K)
 Metaspace       used 118239K, capacity 121093K, committed 121280K, reserved 1155072K
  class space    used 14755K, capacity 15816K, committed 15948K, reserved 1048576K
}
Event: 133.261 GC heap after
{Heap after GC invocations=37 (full 0):
 garbage-first heap   total 273408K, used 245760K [0x0000000080000000, 0x0000000100000000)
  region size 1024K, 2 young (2048K), 2 survivors (2048K)
 Metaspace       used 118239K, capacity 121093K, committed 121280K, reserved 1155072K
  class space    used 14755K, capacity 15816K, committed 15948K, reserved 1048576K
}
Event: 133.531 GC heap before
{Heap before GC invocations=37 (full 0):
 garbage-first heap   total 273408K, used 257024K [0x0000000080000000, 0x0000000100000000)
  region size 1024K, 13 young (13312K), 2 survivors (2048K)
 Metaspace       used 118305K, capacity 121159K, committed 121536K, reserved 1155072K
  class space    used 14755K, capacity 15816K, committed 15948K, reserved 1048576K
}
Event: 133.539 GC heap after
{Heap after GC invocations=38 (full 0):
 garbage-first heap   total 273408K, used 247851K [0x0000000080000000, 0x0000000100000000)
  region size 1024K, 2 young (2048K), 2 survivors (2048K)
 Metaspace       used 118305K, capacity 121159K, committed 121536K, reserved 1155072K
  class space    used 14755K, capacity 15816K, committed 15948K, reserved 1048576K
}
Event: 133.697 GC heap before
{Heap before GC invocations=38 (full 0):
 garbage-first heap   total 273408K, used 259115K [0x0000000080000000, 0x0000000100000000)
  region size 1024K, 13 young (13312K), 2 survivors (2048K)
 Metaspace       used 118334K, capacity 121162K, committed 121536K, reserved 1155072K
  class space    used 14755K, capacity 15816K, committed 15948K, reserved 1048576K
}
Event: 133.708 GC heap after
{Heap after GC invocations=39 (full 0):
 garbage-first heap   total 273408K, used 251064K [0x0000000080000000, 0x0000000100000000)
  region size 1024K, 2 young (2048K), 2 survivors (2048K)
 Metaspace       used 118334K, capacity 121162K, committed 121536K, reserved 1155072K
  class space    used 14755K, capacity 15816K, committed 15948K, reserved 1048576K
}
Event: 133.774 GC heap before
{Heap before GC invocations=39 (full 0):
 garbage-first heap   total 273408K, used 262328K [0x0000000080000000, 0x0000000100000000)
  region size 1024K, 13 young (13312K), 2 survivors (2048K)
 Metaspace       used 118334K, capacity 121162K, committed 121536K, reserved 1155072K
  class space    used 14755K, capacity 15816K, committed 15948K, reserved 1048576K
}
Event: 133.786 GC heap after
{Heap after GC invocations=40 (full 0):
 garbage-first heap   total 276480K, used 262441K [0x0000000080000000, 0x0000000100000000)
  region size 1024K, 2 young (2048K), 2 survivors (2048K)
 Metaspace       used 118334K, capacity 121162K, committed 121536K, reserved 1155072K
  class space    used 14755K, capacity 15816K, committed 15948K, reserved 1048576K
}
Event: 133.821 GC heap before
{Heap before GC invocations=40 (full 0):
 garbage-first heap   total 276480K, used 273705K [0x0000000080000000, 0x0000000100000000)
  region size 1024K, 13 young (13312K), 2 survivors (2048K)
 Metaspace       used 118334K, capacity 121162K, committed 121536K, reserved 1155072K
  class space    used 14755K, capacity 15816K, committed 15948K, reserved 1048576K
}
Event: 133.833 GC heap after
{Heap after GC invocations=41 (full 0):
 garbage-first heap   total 287744K, used 274311K [0x0000000080000000, 0x0000000100000000)
  region size 1024K, 2 young (2048K), 2 survivors (2048K)
 Metaspace       used 118334K, capacity 121162K, committed 121536K, reserved 1155072K
  class space    used 14755K, capacity 15816K, committed 15948K, reserved 1048576K
}
Event: 133.856 GC heap before
{Heap before GC invocations=41 (full 0):
 garbage-first heap   total 287744K, used 286599K [0x0000000080000000, 0x0000000100000000)
  region size 1024K, 14 young (14336K), 2 survivors (2048K)
 Metaspace       used 118334K, capacity 121162K, committed 121536K, reserved 1155072K
  class space    used 14755K, capacity 15816K, committed 15948K, reserved 1048576K
}
Event: 133.875 GC heap after
{Heap after GC invocations=42 (full 0):
 garbage-first heap   total 302080K, used 287744K [0x0000000080000000, 0x0000000100000000)
  region size 1024K, 2 young (2048K), 2 survivors (2048K)
 Metaspace       used 118334K, capacity 121162K, committed 121536K, reserved 1155072K
  class space    used 14755K, capacity 15816K, committed 15948K, reserved 1048576K
}
Event: 133.903 GC heap before
{Heap before GC invocations=42 (full 0):
 garbage-first heap   total 302080K, used 300032K [0x0000000080000000, 0x0000000100000000)
  region size 1024K, 14 young (14336K), 2 survivors (2048K)
 Metaspace       used 118339K, capacity 121162K, committed 121536K, reserved 1155072K
  class space    used 14755K, capacity 15816K, committed 15948K, reserved 1048576K
}
Event: 133.921 GC heap after
{Heap after GC invocations=43 (full 0):
 garbage-first heap   total 313344K, used 299008K [0x0000000080000000, 0x0000000100000000)
  region size 1024K, 2 young (2048K), 2 survivors (2048K)
 Metaspace       used 118339K, capacity 121162K, committed 121536K, reserved 1155072K
  class space    used 14755K, capacity 15816K, committed 15948K, reserved 1048576K
}
Event: 133.998 GC heap before
{Heap before GC invocations=44 (full 0):
 garbage-first heap   total 313344K, used 312320K [0x0000000080000000, 0x0000000100000000)
  region size 1024K, 15 young (15360K), 2 survivors (2048K)
 Metaspace       used 118368K, capacity 121164K, committed 121536K, reserved 1155072K
  class space    used 14756K, capacity 15816K, committed 15948K, reserved 1048576K
}
Event: 134.008 GC heap after
{Heap after GC invocations=45 (full 0):
 garbage-first heap   total 317440K, used 301052K [0x0000000080000000, 0x0000000100000000)
  region size 1024K, 2 young (2048K), 2 survivors (2048K)
 Metaspace       used 118368K, capacity 121164K, committed 121536K, reserved 1155072K
  class space    used 14756K, capacity 15816K, committed 15948K, reserved 1048576K
}
Event: 134.201 GC heap before
{Heap before GC invocations=45 (full 0):
 garbage-first heap   total 317440K, used 313340K [0x0000000080000000, 0x0000000100000000)
  region size 1024K, 15 young (15360K), 2 survivors (2048K)
 Metaspace       used 118959K, capacity 121750K, committed 122048K, reserved 1155072K
  class space    used 14814K, capacity 15863K, committed 15948K, reserved 1048576K
}

